Programming HDC_DMA EMG replay with:
  bitstream: /home/bsp-lab/1024-HDC/board/HDC_DMA/app/_ide/bitstream/design_1_wrapper.bit
  app:       /home/bsp-lab/1024-HDC/board/HDC_DMA/app/build/Final_HDC_dma_emg.elf
=== JTAG targets ===
  1
  APU
  2
  ARM
  Cortex-A9
  MPCore
  #0
  (Running)
  3
  ARM
  Cortex-A9
  MPCore
  #1
  (Running)
  4
  xc7z020

=== PS7 init before PL (releases PL from reset) ===
  pre-PL PS7 attempt 1...
Pre-PL PS7 init OK

=== Programming PL bitstream ===
  PL attempt 1
    fpga failed: could not find configuration request.
  PL attempt 2
PL programmed successfully via xsdb

=== PS7 init after PL ===
  post-PL PS7 attempt 1...
PS7 initialized
FSBL loaded
HDC_app loaded
Loading emg_board_vectors.bin to DDR 0x02000000 (chunk 65536B) ...
  chunk @ 0x020C0000 attempt 1/20: Memory write error at 0x20C8000. Cannot flush JTAG server queue. ftdi_write_data_submit failed: usb bulk read failed
  chunk @ 0x020D0000 attempt 1/20: Memory write error at 0x20DB400. Cannot flush JTAG server queue. ftdi_transfer_data_done failed: usb bulk read failed
  1.0 / 11.3 MiB
  chunk @ 0x021E0000 attempt 1/20: Memory write error at 0x21EA5E8. Cannot flush JTAG server queue. ftdi_transfer_data_done failed: usb bulk read failed
  2.0 / 11.3 MiB
  3.0 / 11.3 MiB
  chunk @ 0x02360000 attempt 1/20: Memory write error at 0x236E9E8. Cannot flush JTAG server queue. ftdi_transfer_data_done failed: usb bulk read failed
  4.0 / 11.3 MiB
  5.0 / 11.3 MiB
  6.0 / 11.3 MiB
  chunk @ 0x02660000 attempt 1/20: Memory write error at 0x266B000. Cannot flush JTAG server queue. ftdi_transfer_data_done failed: usb bulk read failed
  7.0 / 11.3 MiB
  chunk @ 0x02760000 attempt 1/20: Memory write error at 0x276A1E8. Cannot flush JTAG server queue. ftdi_write_data_submit failed: all fine
  8.0 / 11.3 MiB
  9.0 / 11.3 MiB
  10.0 / 11.3 MiB
  chunk @ 0x02A70000 attempt 1/20: Memory write error at 0x2A78210. Cannot flush JTAG server queue. ftdi_read_data failed: usb bulk read failed
  11.0 / 11.3 MiB
Vectors bin loaded (11844072 bytes)
Programming and run complete
CPU running EMG replay — polling @ 0x00100300 (max 7200s)...
==================================================
HDC Phase 3 EMG replay (sw/hdc_emg_board_test.c)
DDR readback @ 0x00100300
==================================================
EMG replay: N=658004 correct=488550 accuracy=74.24%
Export ref: 74.24%
Board vs export: delta=0.00%  PASS (0.5% tol)
errors=169454
==================================================
