
****** xsim v2024.2 (64-bit)
  **** SW Build 5239630 on Fri Nov 08 22:34:34 MST 2024
  **** IP Build 5239520 on Sun Nov 10 16:12:51 MST 2024
  **** SharedData Build 5239561 on Fri Nov 08 14:39:27 MST 2024
  **** Start of session at: Thu Jun 25 23:47:14 2026
    ** Copyright 1986-2022 Xilinx, Inc. All Rights Reserved.
    ** Copyright 2022-2024 Advanced Micro Devices, Inc. All Rights Reserved.

source xsim.dir/pruning_mask_snap/xsim_script.tcl
# xsim {pruning_mask_snap} -testplusarg CASES=64 -testplusarg VECDIR=/home/bsp-lab/1024-HDC/python_ref/vectors/cosim_pruning_mask -autoloadwcfg -runall
Time resolution is 1 ps
run -all
==================================================
tb_pruning_mask_cosim: pruning_mask vs Python golden
  VECDIR  = /home/bsp-lab/1024-HDC/python_ref/vectors/cosim_pruning_mask
  CASES   = 64   (D=1024, AXI_W=32, N_WORDS=32)
==================================================
  ... 16 / 64 masks checked (errors so far: 0)
  ... 32 / 64 masks checked (errors so far: 0)
  ... 48 / 64 masks checked (errors so far: 0)
  ... 64 / 64 masks checked (errors so far: 0)
==================================================
PASS: all 129 pruning_mask checks match the Python golden bit-for-bit.
==================================================
$finish called at time : 23745 ns : File "/tmp/hdc_xsim/tb_pruning_mask_cosim.sv" Line 185
exit
INFO: [Common 17-206] Exiting xsim at Thu Jun 25 23:47:18 2026...
