
****** xsim v2024.2 (64-bit)
  **** SW Build 5239630 on Fri Nov 08 22:34:34 MST 2024
  **** IP Build 5239520 on Sun Nov 10 16:12:51 MST 2024
  **** SharedData Build 5239561 on Fri Nov 08 14:39:27 MST 2024
  **** Start of session at: Thu Jun 25 23:51:15 2026
    ** Copyright 1986-2022 Xilinx, Inc. All Rights Reserved.
    ** Copyright 2022-2024 Advanced Micro Devices, Inc. All Rights Reserved.

source xsim.dir/core_snap/xsim_script.tcl
# xsim {core_snap} -testplusarg CASES=500 -testplusarg VECDIR=/home/bsp-lab/1024-HDC/python_ref/vectors/cosim_core -autoloadwcfg -runall
Time resolution is 1 ps
run -all
==================================================
tb_core_cosim: end-to-end inference vs Python golden
  VECDIR = /home/bsp-lab/1024-HDC/python_ref/vectors/cosim_core
  CASES  = 500   (D=1024, 4x5 pairs, N_CLASS=8)
==================================================
  ... 100 / 500 checked (errors so far: 0)
  ... 200 / 500 checked (errors so far: 0)
  ... 300 / 500 checked (errors so far: 0)
  ... 400 / 500 checked (errors so far: 0)
  ... 500 / 500 checked (errors so far: 0)
==================================================
PASS: all 500 end-to-end inference cases match the Python golden.
==================================================
$finish called at time : 1450165 ns : File "/tmp/hdc_xsim/tb_core_cosim.sv" Line 216
exit
INFO: [Common 17-206] Exiting xsim at Thu Jun 25 23:51:21 2026...
